Listing of compilation of file /home/admin/guile-gdb/guile-drill/matrix/gnu/bin/input.el
on 2023-07-28 19:09:57 by CLISP, version 2.49.93+ (2018-02-18) (built on lcy02-amd64-055.buildd [127.0.1.1])
;; Compiling file /home/admin/guile-gdb/guile-drill/matrix/gnu/bin/input.el ...

Disassembly of function #:|1 37 (PROGN (PRINT1 'FOO) (PRINC "n") ...)-1-1|
(CONST 0) = FOO
(CONST 1) = PRINT1
0 required arguments
0 optional arguments
No rest parameter
No keyword parameters
4 byte-code instructions:
0     (CONST&PUSH 0)                      ; FOO
1     (CALL1 1)                           ; PRINT1
3     (VALUES0)
4     (SKIP&RET 1)

Disassembly of function #:|1 37 (PROGN (PRINT1 'FOO) (PRINC "n") ...)-1-2|
(CONST 0) = "n"
0 required arguments
0 optional arguments
No rest parameter
No keyword parameters
5 byte-code instructions:
0     (CONST&PUSH 0)                      ; "n"
1     (PUSH-UNBOUND 1)
3     (CALLS1 144)                        ; PRINC
5     (VALUES0)
6     (SKIP&RET 1)

Disassembly of function #:|1 37 (PROGN (PRINT1 'FOO) (PRINC "n") ...)-1-3|
(CONST 0) = BAR
0 required arguments
0 optional arguments
No rest parameter
No keyword parameters
4 byte-code instructions:
0     (CONST&PUSH 0)                      ; BAR
1     (PUSH-UNBOUND 1)
3     (CALLS1 141)                        ; PRIN1
5     (SKIP&RET 1)
